
2022-01-04 22:19:04,630: [start program]   :::utils:24 <module> [INFO] 
2022-01-04 22:19:04,662: =====without watershed algorithm=====   :::utils:174 difference_algo [INFO] 
2022-01-04 22:19:04,664: =====start difference algorithm=====   :::utils:181 difference_algo [INFO] 
2022-01-04 22:22:34,957: =====start circle conversion=====   :::utils:341 to_circle [INFO] 
2022-01-04 22:22:46,449: =====markers information=====   :::utils:253 markers_info [INFO] 
2022-01-04 22:22:46,449: 領域の個数:1488   :::utils:254 markers_info [INFO] 
2022-01-04 22:22:46,449: 平均サイズ:237.6 pixel   :::utils:255 markers_info [INFO] 
2022-01-04 22:22:46,449: 平均サイズ(換算後):4079 nm^2   :::utils:260 markers_info [INFO] 
2022-01-04 22:22:46,449: 平均半径(換算後):36.03 nm   :::utils:261 markers_info [INFO] 
2022-01-04 22:22:48,774: =====start color conversion=====   :::utils:63 colorizer2 [INFO] 
2022-01-06 01:53:55,514: [start program]   :::utils:24 <module> [INFO] 
2022-01-06 01:53:55,592: =====without watershed algorithm=====   :::utils:173 difference_algo [INFO] 
2022-01-06 01:53:55,594: =====start difference algorithm=====   :::utils:180 difference_algo [INFO] 
2022-01-06 01:59:37,960: =====start circle conversion=====   :::utils:338 to_circle [INFO] 
2022-01-06 01:59:55,885: =====markers information=====   :::utils:252 markers_info [INFO] 
2022-01-06 01:59:55,885: 領域の個数:1488   :::utils:253 markers_info [INFO] 
2022-01-06 01:59:55,886: 平均サイズ:237.6 pixel   :::utils:254 markers_info [INFO] 
2022-01-06 01:59:55,886: 平均サイズ(換算後):4079 nm^2   :::utils:259 markers_info [INFO] 
2022-01-06 01:59:55,887: 平均半径(換算後):36.03 nm   :::utils:260 markers_info [INFO] 
2022-01-06 01:59:59,138: =====start color conversion=====   :::utils:62 colorizer2 [INFO] 
