2022-01-04 05:54:08,236: [start program]   :::utils:24 <module> [INFO] 
2022-01-04 05:54:08,315: =====start difference algorithm=====   :::utils:179 difference_algo [INFO] 
2022-01-04 06:08:27,476: =====start circle conversion=====   :::utils:339 to_circle [INFO] 
2022-01-04 06:08:59,639: =====markers information=====   :::utils:251 markers_info [INFO] 
2022-01-04 06:08:59,640: 領域の個数:1786   :::utils:252 markers_info [INFO] 
2022-01-04 06:08:59,641: 平均サイズ:251.2 pixel   :::utils:253 markers_info [INFO] 
2022-01-04 06:08:59,643: 平均サイズ(換算後):4312 nm^2   :::utils:258 markers_info [INFO] 
2022-01-04 06:08:59,645: 平均半径(換算後):37.05 nm   :::utils:259 markers_info [INFO] 
2022-01-04 06:09:04,033: =====start color conversion=====   :::utils:63 colorizer2 [INFO] 
2022-01-06 01:53:36,475: [start program]   :::utils:24 <module> [INFO] 
2022-01-06 01:53:36,515: =====without watershed algorithm=====   :::utils:173 difference_algo [INFO] 
2022-01-06 01:53:36,516: =====start difference algorithm=====   :::utils:180 difference_algo [INFO] 
2022-01-06 02:00:55,584: =====start circle conversion=====   :::utils:338 to_circle [INFO] 
2022-01-06 02:01:08,993: =====markers information=====   :::utils:252 markers_info [INFO] 
2022-01-06 02:01:08,993: 領域の個数:1786   :::utils:253 markers_info [INFO] 
2022-01-06 02:01:08,994: 平均サイズ:251.2 pixel   :::utils:254 markers_info [INFO] 
2022-01-06 02:01:08,994: 平均サイズ(換算後):4312 nm^2   :::utils:259 markers_info [INFO] 
2022-01-06 02:01:08,994: 平均半径(換算後):37.05 nm   :::utils:260 markers_info [INFO] 
2022-01-06 02:01:10,872: =====start color conversion=====   :::utils:62 colorizer2 [INFO] 
2022-01-06 02:03:12,149: [start program]   :::utils:24 <module> [INFO] 
2022-01-06 02:03:12,174: =====without watershed algorithm=====   :::utils:173 difference_algo [INFO] 
2022-01-06 02:03:12,175: =====start difference algorithm=====   :::utils:180 difference_algo [INFO] 
