2022-01-04 05:38:42,437: [start program]   :::utils:31 <module> [INFO] 
2022-01-04 05:38:42,474: =====start difference algorithm=====   :::utils:144 difference_algo_water [INFO] 
2022-01-04 05:45:19,123: =====start circle conversion=====   :::utils:339 to_circle [INFO] 
2022-01-04 05:46:05,017: =====markers information=====   :::utils:251 markers_info [INFO] 
2022-01-04 05:46:05,017: 領域の個数:6241   :::utils:252 markers_info [INFO] 
2022-01-04 05:46:05,018: 平均サイズ:73.59 pixel   :::utils:253 markers_info [INFO] 
2022-01-04 05:46:05,018: 平均サイズ(換算後):5054 nm^2   :::utils:258 markers_info [INFO] 
2022-01-04 05:46:05,019: 平均半径(換算後):40.11 nm   :::utils:259 markers_info [INFO] 
2022-01-04 05:46:07,449: =====start color conversion=====   :::utils:63 colorizer2 [INFO] 
2022-01-04 05:53:58,022: [start program]   :::utils:31 <module> [INFO] 
2022-01-04 05:53:58,054: =====start difference algorithm=====   :::utils:144 difference_algo_water [INFO] 
2022-01-04 06:11:50,755: =====start circle conversion=====   :::utils:339 to_circle [INFO] 
2022-01-04 06:12:54,999: =====markers information=====   :::utils:251 markers_info [INFO] 
2022-01-04 06:12:55,000: 領域の個数:6241   :::utils:252 markers_info [INFO] 
2022-01-04 06:12:55,001: 平均サイズ:73.59 pixel   :::utils:253 markers_info [INFO] 
2022-01-04 06:12:55,002: 平均サイズ(換算後):5054 nm^2   :::utils:258 markers_info [INFO] 
2022-01-04 06:12:55,002: 平均半径(換算後):40.11 nm   :::utils:259 markers_info [INFO] 
2022-01-04 06:12:58,288: =====start color conversion=====   :::utils:63 colorizer2 [INFO] 
2022-01-06 05:28:03,788: [start program]   :::utils:31 <module> [INFO] 
2022-01-06 05:28:03,932: =====using watershed algorithm=====   :::utils:137 difference_algo_water [INFO] 
2022-01-06 05:28:03,934: =====start difference algorithm=====   :::utils:144 difference_algo_water [INFO] 
2022-01-06 05:40:36,330: =====start circle conversion=====   :::utils:338 to_circle [INFO] 
2022-01-06 05:41:57,567: =====markers information=====   :::utils:252 markers_info [INFO] 
2022-01-06 05:41:57,567: 領域の個数:6241   :::utils:253 markers_info [INFO] 
2022-01-06 05:41:57,570: 平均サイズ:73.59 pixel   :::utils:254 markers_info [INFO] 
2022-01-06 05:41:57,572: 平均サイズ(換算後):5054 nm^2   :::utils:259 markers_info [INFO] 
2022-01-06 05:41:57,573: 平均半径(換算後):40.11 nm   :::utils:260 markers_info [INFO] 
2022-01-06 05:42:01,988: =====start color conversion=====   :::utils:62 colorizer2 [INFO] 
